2023-11-26T00:29:34+00:00 CRITICAL Uncaught Error: Object of class WP_User could not be converted to string in /bitnami/wordpress/wp-content/plugins/code-snippets/php/snippet-ops.php(582) : eval()'d code:3
Stack trace:
#0 /opt/bitnami/wordpress/wp-includes/class-wp-hook.php(324): ur_redirect_after_login()
#1 /opt/bitnami/wordpress/wp-includes/plugin.php(205): WP_Hook->apply_filters()
#2 /bitnami/wordpress/wp-content/plugins/user-registration/includes/functions-ur-core.php(3586): apply_filters()
#3 /bitnami/wordpress/wp-content/plugins/user-registration/includes/class-ur-form-handler.php(399): ur_process_login()
#4 /opt/bitnami/wordpress/wp-includes/class-wp-hook.php(324): UR_Form_Handler::process_login()
#5 /opt/bitnami/wordpress/wp-includes/class-wp-hook.php(348): WP_Hook->apply_filters()
#6 /opt/bitnami/wordpress/wp-includes/plugin.php(517): WP_Hook->do_action()
#7 /opt/bitnami/wordpress/wp-settings.php(665): do_action()
#8 /bitnami/wordpress/wp-config.php(194): require_once('...')
#9 /opt/bitnami/wordpress/wp-load.php(50): require_once('...')
#10 /opt/bitnami/wordpress/wp-blog-header.php(13): require_once('...')
#11 /opt/bitnami/wordpress/index.php(17): require('...')
#12 {main}
  thrown in /bitnami/wordpress/wp-content/plugins/code-snippets/php/snippet-ops.php(582) : eval()'d code on line 3

2023-11-26T18:08:05+00:00 CRITICAL Uncaught TypeError: ltrim(): Argument #1 ($string) must be of type string, array given in /opt/bitnami/wordpress/wp-includes/formatting.php:4494
Stack trace:
#0 /opt/bitnami/wordpress/wp-includes/formatting.php(4494): ltrim()
#1 /opt/bitnami/wordpress/wp-includes/pluggable.php(2981): esc_url()
#2 /bitnami/wordpress/wp-content/themes/buddyx/template-parts/header/buddypress-profile.php(90): get_avatar()
#3 /opt/bitnami/wordpress/wp-includes/template.php(792): require('...')
#4 /opt/bitnami/wordpress/wp-includes/template.php(725): load_template()
#5 /opt/bitnami/wordpress/wp-includes/general-template.php(206): locate_template()
#6 /bitnami/wordpress/wp-content/themes/buddyx/template-parts/header/navigation.php(41): get_template_part()
#7 /opt/bitnami/wordpress/wp-includes/template.php(792): require('...')
#8 /opt/bitnami/wordpress/wp-includes/template.php(725): load_template()
#9 /opt/bitnami/wordpress/wp-includes/general-template.php(206): locate_template()
#10 /bitnami/wordpress/wp-content/themes/buddyx/header.php(47): get_template_part()
#11 /opt/bitnami/wordpress/wp-includes/template.php(790): require_once('...')
#12 /opt/bitnami/wordpress/wp-includes/template.php(725): load_template()
#13 /opt/bitnami/wordpress/wp-includes/general-template.php(48): locate_template()
#14 /bitnami/wordpress/wp-content/themes/buddyx/page-templates/full-width.php(12): get_header()
#15 /opt/bitnami/wordpress/wp-includes/template-loader.php(106): include('...')
#16 /opt/bitnami/wordpress/wp-blog-header.php(19): require_once('...')
#17 /opt/bitnami/wordpress/index.php(17): require('...')
#18 {main}
  thrown in /opt/bitnami/wordpress/wp-includes/formatting.php on line 4494

2023-11-26T18:28:36+00:00 CRITICAL Maximum execution time of 30 seconds exceeded in /opt/bitnami/wordpress/wp-includes/plugin.php on line 398

2023-11-26T18:29:06+00:00 CRITICAL Maximum execution time of 30 seconds exceeded in /opt/bitnami/wordpress/wp-includes/plugin.php on line 398

